
--- New Test Run at 2025-11-14T04:55:40.742Z ---
Running in test scrape mode...
Navigating to tasks page: https://pragosoundsro.rentmanapp.com/#/tasks
Waiting for task grid to load...
Processing 16 visible rows...
Found completed task in row uiGrid-000E with date "06.02.2023 10:16".
Found completed task in row uiGrid-000G with date "16.02.2023 14:28".
Found completed task in row uiGrid-000K with date "20.02.2023 09:55".
Found completed task in row uiGrid-000I with date "14.02.2023 08:37".
Found completed task in row uiGrid-000D with date "21.02.2023 12:02".
Found completed task in row uiGrid-000L with date "14.02.2023 09:17".
Found completed task in row uiGrid-000M with date "21.02.2023 12:02".
Found completed task in row uiGrid-000N with date "23.02.2023 13:29".
Found completed task in row uiGrid-000H with date "23.03.2023 15:38".
Found completed task in row uiGrid-000J with date "03.04.2023 10:30".
Found completed task in row uiGrid-000P with date "27.03.2023 17:15".
Found completed task in row uiGrid-000R with date "27.03.2023 21:11".
Found completed task in row uiGrid-000F with date "23.03.2023 15:38".
Found completed task in row uiGrid-000S with date "28.03.2023 12:20".
Found completed task in row uiGrid-000O with date "10.06.2023 10:40".
Found completed task in row uiGrid-000W with date "08.05.2023 01:00".
Processing 16 visible rows...
Found completed task in row uiGrid-001I with date "09.10.2025 12:58".
Found completed task in row uiGrid-001L with date "10.10.2025 23:55".
Found completed task in row uiGrid-001H with date "08.10.2025 18:27".
Found completed task in row uiGrid-001U with date "19.10.2025 21:28".
Processing 16 visible rows...
Scroll height hasn't changed. Assuming end of list.
Extracted a total of 0 unique YouTrack IDs: []
--- Test Scrape Results ---
[]
---------------------------

--- New Test Run at 2025-11-14T04:59:08.223Z ---
Running in test scrape mode...
Navigating to tasks page: https://pragosoundsro.rentmanapp.com/#/tasks
Waiting for task grid to load...
Processing 16 visible rows...
Found completed task in row uiGrid-000E with date "06.02.2023 10:16".
Found completed task in row uiGrid-000G with date "16.02.2023 14:28".
Found completed task in row uiGrid-000K with date "20.02.2023 09:55".
Found completed task in row uiGrid-000I with date "14.02.2023 08:37".
Found completed task in row uiGrid-000D with date "21.02.2023 12:02".
Found completed task in row uiGrid-000L with date "14.02.2023 09:17".
Found completed task in row uiGrid-000M with date "21.02.2023 12:02".
Found completed task in row uiGrid-000N with date "23.02.2023 13:29".
Found completed task in row uiGrid-000H with date "23.03.2023 15:38".
Found completed task in row uiGrid-000J with date "03.04.2023 10:30".
Found completed task in row uiGrid-000P with date "27.03.2023 17:15".
Found completed task in row uiGrid-000R with date "27.03.2023 21:11".
Found completed task in row uiGrid-000F with date "23.03.2023 15:38".
Found completed task in row uiGrid-000S with date "28.03.2023 12:20".
Found completed task in row uiGrid-000O with date "10.06.2023 10:40".
Found completed task in row uiGrid-000W with date "08.05.2023 01:00".
Processing 16 visible rows...
Found completed task in row uiGrid-001I with date "09.10.2025 12:58".
Found completed task in row uiGrid-001L with date "10.10.2025 23:55".
Found completed task in row uiGrid-001H with date "08.10.2025 18:27".
Found completed task in row uiGrid-001U with date "19.10.2025 21:28".
Processing 16 visible rows...
Scroll height hasn't changed. Assuming end of list.
Extracted a total of 20 completed tasks.
--- Test Scrape Results ---
[
  {
    "rowId": "uiGrid-000E",
    "title": "konec platnosti dálničních známek (2x Jumper)",
    "completedOn": "06.02.2023 10:16",
    "youtrackId": null
  },
  {
    "rowId": "uiGrid-000G",
    "title": "Vyzvednout světla u Brumlicha (viz SubRent)",
    "completedOn": "16.02.2023 14:28",
    "youtrackId": null
  },
  {
    "rowId": "uiGrid-000K",
    "title": "Opravit splitter",
    "completedOn": "20.02.2023 09:55",
    "youtrackId": null
  },
  {
    "rowId": "uiGrid-000I",
    "title": "objednavka na zitra",
    "completedOn": "14.02.2023 08:37",
    "youtrackId": null
  },
  {
    "rowId": "uiGrid-000D",
    "title": "STK DAF",
    "completedOn": "21.02.2023 12:02",
    "youtrackId": null
  },
  {
    "rowId": "uiGrid-000L",
    "title": "Vyzvednout oblečení",
    "completedOn": "14.02.2023 09:17",
    "youtrackId": null
  },
  {
    "rowId": "uiGrid-000M",
    "title": "Podkládky",
    "completedOn": "21.02.2023 12:02",
    "youtrackId": null
  },
  {
    "rowId": "uiGrid-000N",
    "title": "Vaky - gravírování",
    "completedOn": "23.02.2023 13:29",
    "youtrackId": null
  },
  {
    "rowId": "uiGrid-000H",
    "title": "odvoz leyher do skladu -servind",
    "completedOn": "23.03.2023 15:38",
    "youtrackId": null
  },
  {
    "rowId": "uiGrid-000J",
    "title": "Rigging-kabeláž",
    "completedOn": "03.04.2023 10:30",
    "youtrackId": null
  },
  {
    "rowId": "uiGrid-000P",
    "title": "příprava Melodie na opravu",
    "completedOn": "27.03.2023 17:15",
    "youtrackId": null
  },
  {
    "rowId": "uiGrid-000R",
    "title": "obal MS Melodie ",
    "completedOn": "27.03.2023 21:11",
    "youtrackId": null
  },
  {
    "rowId": "uiGrid-000F",
    "title": "objednávka sklad",
    "completedOn": "23.03.2023 15:38",
    "youtrackId": null
  },
  {
    "rowId": "uiGrid-000S",
    "title": "Vyzvednout reflexní vesty",
    "completedOn": "28.03.2023 12:20",
    "youtrackId": null
  },
  {
    "rowId": "uiGrid-000O",
    "title": "Kabelovky a system jezdeni na akce",
    "completedOn": "10.06.2023 10:40",
    "youtrackId": null
  },
  {
    "rowId": "uiGrid-000W",
    "title": "Aktuální stav kabeláží střecha",
    "completedOn": "08.05.2023 01:00",
    "youtrackId": null
  },
  {
    "rowId": "uiGrid-001I",
    "title": "vylozit dodavku s technikou grebovka",
    "completedOn": "09.10.2025 12:58",
    "youtrackId": null
  },
  {
    "rowId": "uiGrid-001L",
    "title": "uklidit rozhazenou hromadu MP",
    "completedOn": "10.10.2025 23:55",
    "youtrackId": null
  },
  {
    "rowId": "uiGrid-001H",
    "title": "uklid skladu! doslova vse vsude",
    "completedOn": "08.10.2025 18:27",
    "youtrackId": null
  },
  {
    "rowId": "uiGrid-001U",
    "title": "Vypakovat Ztracený věci ze skladu",
    "completedOn": "19.10.2025 21:28",
    "youtrackId": null
  }
]
---------------------------
